d:\work\ab_neurons\source\cpp\ns\ns\x64\debug\config.obj
d:\work\ab_neurons\source\cpp\ns\ns\x64\debug\data.obj
d:\work\ab_neurons\source\cpp\ns\ns\x64\debug\experiment.obj
d:\work\ab_neurons\source\cpp\ns\ns\x64\debug\integration.obj
d:\work\ab_neurons\source\cpp\ns\ns\x64\debug\main.obj
d:\work\ab_neurons\source\cpp\ns\ns\x64\debug\utils.obj
d:\work\ab_neurons\source\cpp\ns\ns\x64\debug\vc140.pdb
c:\users\user\appdata\local\temp\lnk{3da96f8b-f43b-4c77-a927-4dfbabdfeb8d}.tmp
d:\work\ab_neurons\source\cpp\ns\x64\debug\ns.ilk
d:\work\ab_neurons\source\cpp\ns\x64\debug\ns.exe
d:\work\ab_neurons\source\cpp\ns\x64\debug\ns.pdb
d:\work\ab_neurons\source\cpp\ns\ns\x64\debug\ns.tlog\icl-mcpcom.read.1.tlog
d:\work\ab_neurons\source\cpp\ns\ns\x64\debug\ns.tlog\icl-mcpcom.write.1.tlog
d:\work\ab_neurons\source\cpp\ns\ns\x64\debug\ns.tlog\icl.command.1.tlog
d:\work\ab_neurons\source\cpp\ns\ns\x64\debug\ns.tlog\icl.read.1.tlog
d:\work\ab_neurons\source\cpp\ns\ns\x64\debug\ns.tlog\icl.write.1.tlog
d:\work\ab_neurons\source\cpp\ns\ns\x64\debug\ns.tlog\xilink-link-cvtres.read.1.tlog
d:\work\ab_neurons\source\cpp\ns\ns\x64\debug\ns.tlog\xilink-link-cvtres.write.1.tlog
d:\work\ab_neurons\source\cpp\ns\ns\x64\debug\ns.tlog\xilink-link-rc.read.1.tlog
d:\work\ab_neurons\source\cpp\ns\ns\x64\debug\ns.tlog\xilink-link-rc.write.1.tlog
d:\work\ab_neurons\source\cpp\ns\ns\x64\debug\ns.tlog\xilink-link.read.1.tlog
d:\work\ab_neurons\source\cpp\ns\ns\x64\debug\ns.tlog\xilink-link.read.2.tlog
d:\work\ab_neurons\source\cpp\ns\ns\x64\debug\ns.tlog\xilink-link.write.1.tlog
d:\work\ab_neurons\source\cpp\ns\ns\x64\debug\ns.tlog\xilink-mcpcom.read.1.tlog
d:\work\ab_neurons\source\cpp\ns\ns\x64\debug\ns.tlog\xilink-mcpcom.write.1.tlog
d:\work\ab_neurons\source\cpp\ns\ns\x64\debug\ns.tlog\xilink.command.1.tlog
d:\work\ab_neurons\source\cpp\ns\ns\x64\debug\ns.tlog\xilink.read.1.tlog
d:\work\ab_neurons\source\cpp\ns\ns\x64\debug\ns.tlog\xilink.write.1.tlog
